#
# A fatal error has been detected by the Java Runtime Environment:
#
#  EXCEPTION_ACCESS_VIOLATION (0xc0000005) at pc=0x00000000715e9318, pid=4532, tid=4048
#
# JRE version: Java(TM) SE Runtime Environment (8.0_91-b15) (build 1.8.0_91-b15)
# Java VM: Java HotSpot(TM) 64-Bit Server VM (25.91-b15 mixed mode windows-amd64 compressed oops)
# Problematic frame:
# V  [jvm.dll+0x139318]
#
# Failed to write core dump. Minidumps are not enabled by default on client versions of Windows
#
# If you would like to submit a bug report, please visit:
#   http://bugreport.java.com/bugreport/crash.jsp
#

---------------  T H R E A D  ---------------

Current thread (0x0000000002516800):  GCTaskThread [stack: 0x0000000011d30000,0x0000000011e30000] [id=4048]

siginfo: ExceptionCode=0xc0000005, reading address 0xffffffffffffffff

Registers:
RAX=0x0000000011f30000, RBX=0x0000000000000004, RCX=0x0000000000000000, RDX=0x0000000000000000
RSP=0x0000000011e2f680, RBP=0x00000000025e63a0, RSI=0x00000000c1c67a74, RDI=0x0000000000200000
R8 =0x007fffffffa01000, R9 =0x00000000025e63a0, R10=0x0000000000000009, R11=0x00000000c1c52a38
R12=0x00000000c1c67d90, R13=0x0000000000001c00, R14=0x00000000c1c60d80, R15=0x0000000000002581
RIP=0x00000000715e9318, EFLAGS=0x0000000000010246

Top of Stack: (sp=0x0000000011e2f680)
0x0000000011e2f680:   0000000014e63088 00000000715c3866
0x0000000011e2f690:   00000000c1c71f20 00000000c1c71f18
0x0000000011e2f6a0:   00000000025e63a0 00000000716cbab2
0x0000000011e2f6b0:   0000000000000000 00000000000003d8
0x0000000011e2f6c0:   00000000025170e8 0000000000001a00
0x0000000011e2f6d0:   0000000000000004 00000000718a3c4a
0x0000000011e2f6e0:   00000000025e63a0 00000000c1c60d80
0x0000000011e2f6f0:   0000000002516d10 0000000002516d10
0x0000000011e2f700:   0000002400000000 0000002500000000
0x0000000011e2f710:   0000000000000000 00000000c1c60d80
0x0000000011e2f720:   0000000000001a00 00000000162f4800
0x0000000011e2f730:   0000000002516d01 0000000002516d01
0x0000000011e2f740:   000008d248c44e3c 00000000025170e8
0x0000000011e2f750:   0000000002516d10 00000000000003d8
0x0000000011e2f760:   0000000002516d10 000000000250ca60
0x0000000011e2f770:   0000000002516d00 00000000149a54d0 

Instructions: (pc=0x00000000715e9318)
0x00000000715e92f8:   05 73 9c 6d 00 49 c1 e8 03 49 d3 e8 41 0f b6 c0
0x00000000715e9308:   49 c1 e8 06 24 3f 0f b6 d0 48 8b 05 88 9c 6d 00
0x00000000715e9318:   4a 8b 0c c0 48 0f a3 d1 72 3e 48 8b cf e8 c6 0c
0x00000000715e9328:   fd ff 84 c0 74 32 48 8b d7 48 8b cd e8 97 db fc 


Register to memory mapping:

RAX=0x0000000011f30000 is an unknown value
RBX=0x0000000000000004 is an unknown value
RCX=0x0000000000000000 is an unknown value
RDX=0x0000000000000000 is an unknown value
RSP=0x0000000011e2f680 is an unknown value
RBP=0x00000000025e63a0 is an unknown value
RSI=0x00000000c1c67a74 is pointing into object: 0x00000000c1c60d80
[Lcom.android.dx.cf.code.Frame; 
 - klass: 'com/android/dx/cf/code/Frame'[]
 - length: 9601
RDI=0x0000000000200000 is an unknown value
R8 =0x007fffffffa01000 is an unknown value
R9 =0x00000000025e63a0 is an unknown value
R10=0x0000000000000009 is an unknown value
R11=0x00000000c1c52a38 is an oop
com.android.dx.cf.code.Frame 
 - klass: 'com/android/dx/cf/code/Frame'
R12=0x00000000c1c67d90 is pointing into object: 0x00000000c1c60d80
[Lcom.android.dx.cf.code.Frame; 
 - klass: 'com/android/dx/cf/code/Frame'[]
 - length: 9601
R13=0x0000000000001c00 is an unknown value
R14=0x00000000c1c60d80 is an oop
[Lcom.android.dx.cf.code.Frame; 
 - klass: 'com/android/dx/cf/code/Frame'[]
 - length: 9601
R15=0x0000000000002581 is an unknown value


Stack: [0x0000000011d30000,0x0000000011e30000],  sp=0x0000000011e2f680,  free space=1021k
Native frames: (J=compiled Java code, j=interpreted, Vv=VM code, C=native code)
V  [jvm.dll+0x139318]
V  [jvm.dll+0x3f3c4a]
V  [jvm.dll+0x3f09b3]
V  [jvm.dll+0x3ee81e]
V  [jvm.dll+0x29a99a]
C  [msvcr100.dll+0x21d9f]
C  [msvcr100.dll+0x21e3b]
C  [KERNEL32.DLL+0x1842]
C  [ntdll.dll+0x3df11]


---------------  P R O C E S S  ---------------

Java Threads: ( => current thread )
  0x00000000162f5800 JavaThread "pool-2-thread-4" [_thread_blocked, id=3548, stack(0x0000000016900000,0x0000000016a00000)]
  0x00000000162f4800 JavaThread "pool-2-thread-3" [_thread_blocked, id=3688, stack(0x0000000016800000,0x0000000016900000)]
  0x000000001620b800 JavaThread "pool-2-thread-2" [_thread_blocked, id=2260, stack(0x0000000016700000,0x0000000016800000)]
  0x00000000161f3000 JavaThread "pool-3-thread-1" [_thread_blocked, id=1552, stack(0x0000000016600000,0x0000000016700000)]
  0x00000000161ee800 JavaThread "pool-2-thread-1" [_thread_blocked, id=3336, stack(0x0000000016500000,0x0000000016600000)]
  0x0000000014af0800 JavaThread "Service Thread" daemon [_thread_blocked, id=3896, stack(0x0000000015f00000,0x0000000016000000)]
  0x0000000014a8e000 JavaThread "C1 CompilerThread1" daemon [_thread_blocked, id=3384, stack(0x0000000015e00000,0x0000000015f00000)]
  0x0000000014a88800 JavaThread "C2 CompilerThread0" daemon [_thread_blocked, id=4556, stack(0x0000000015d00000,0x0000000015e00000)]
  0x0000000014a86800 JavaThread "Attach Listener" daemon [_thread_blocked, id=1128, stack(0x0000000015c00000,0x0000000015d00000)]
  0x0000000014a83000 JavaThread "Signal Dispatcher" daemon [_thread_blocked, id=3828, stack(0x0000000015b00000,0x0000000015c00000)]
  0x00000000025f7000 JavaThread "Finalizer" daemon [_thread_blocked, id=4300, stack(0x00000000156c0000,0x00000000157c0000)]
  0x00000000025ec000 JavaThread "Reference Handler" daemon [_thread_blocked, id=3316, stack(0x00000000155c0000,0x00000000156c0000)]
  0x0000000002500800 JavaThread "main" [_thread_blocked, id=3056, stack(0x0000000002060000,0x0000000002160000)]

Other Threads:
  0x0000000014a56000 VMThread [stack: 0x00000000154c0000,0x00000000155c0000] [id=4760]
  0x0000000014b0b800 WatcherThread [stack: 0x0000000016000000,0x0000000016100000] [id=4680]

=>0x0000000002516800 (exited) GCTaskThread [stack: 0x0000000011d30000,0x0000000011e30000] [id=4048]

VM state:at safepoint (normal execution)

VM Mutex/Monitor currently owned by a thread:  ([mutex/lock_event])
[0x00000000021aba00] Threads_lock - owner thread: 0x0000000014a56000
[0x00000000021ac600] Heap_lock - owner thread: 0x00000000162f4800

Heap:
 PSYoungGen      total 66048K, used 2553K [0x00000000eab00000, 0x00000000eee00000, 0x0000000100000000)
  eden space 63488K, 0% used [0x00000000eab00000,0x00000000eab00000,0x00000000ee900000)
  from space 2560K, 99% used [0x00000000eeb80000,0x00000000eedfe4f0,0x00000000eee00000)
  to   space 2560K, 0% used [0x00000000ee900000,0x00000000ee900000,0x00000000eeb80000)
 ParOldGen       total 42496K, used 31390K [0x00000000c0000000, 0x00000000c2980000, 0x00000000eab00000)
  object space 42496K, 73% used [0x00000000c0000000,0x00000000c1ea7950,0x00000000c2980000)
 Metaspace       used 5816K, capacity 6896K, committed 7040K, reserved 1056768K
  class space    used 582K, capacity 616K, committed 640K, reserved 1048576K

Card table byte_map: [0x00000000119c0000,0x0000000011bd0000] byte_map_base: 0x00000000113c0000

Marking Bits: (ParMarkBitMap*) 0x0000000071cc2f70
 Begin Bits: [0x0000000011f30000, 0x0000000012f30000)
 End Bits:   [0x0000000012f30000, 0x0000000013f30000)

Polling page: 0x0000000000720000

CodeCache: size=245760Kb used=5099Kb max_used=5099Kb free=240660Kb
 bounds [0x0000000002600000, 0x0000000002b00000, 0x0000000011600000]
 total_blobs=1533 nmethods=1273 adapters=175
 compilation: enabled

Compilation events (10 events):
Event: 3.395 Thread 0x0000000014a8e000 1297       1       java.util.HashMap::size (5 bytes)
Event: 3.395 Thread 0x0000000014a8e000 nmethod 1297 0x0000000002af9510 code [0x0000000002af9660, 0x0000000002af9770]
Event: 3.407 Thread 0x0000000014a8e000 1298       2       com.android.dx.ssa.PhiTypeResolver::run (179 bytes)
Event: 3.408 Thread 0x0000000014a8e000 nmethod 1298 0x0000000002afc450 code [0x0000000002afc660, 0x0000000002afcc28]
Event: 3.408 Thread 0x0000000014a8e000 1299       3       com.android.dx.util.BitIntSet::merge (148 bytes)
Event: 3.409 Thread 0x0000000014a8e000 nmethod 1299 0x0000000002afd350 code [0x0000000002afd5c0, 0x0000000002afe468]
Event: 3.416 Thread 0x0000000014a8e000 1300       2       com.android.dx.cf.attrib.RawAttribute::byteLength (11 bytes)
Event: 3.416 Thread 0x0000000014a8e000 nmethod 1300 0x0000000002af91d0 code [0x0000000002af9320, 0x0000000002af9470]
Event: 3.422 Thread 0x0000000014a8e000 1301       2       com.android.dx.cf.code.LineNumberList$Item::<init> (43 bytes)
Event: 3.422 Thread 0x0000000014a8e000 nmethod 1301 0x0000000002afe950 code [0x0000000002afeae0, 0x0000000002afed98]

GC Heap History (9 events):
Event: 1.232 GC heap before
{Heap before GC invocations=1 (full 0):
 PSYoungGen      total 18432K, used 15872K [0x00000000eab00000, 0x00000000ebf80000, 0x0000000100000000)
  eden space 15872K, 100% used [0x00000000eab00000,0x00000000eba80000,0x00000000eba80000)
  from space 2560K, 0% used [0x00000000ebd00000,0x00000000ebd00000,0x00000000ebf80000)
  to   space 2560K, 0% used [0x00000000eba80000,0x00000000eba80000,0x00000000ebd00000)
 ParOldGen       total 42496K, used 0K [0x00000000c0000000, 0x00000000c2980000, 0x00000000eab00000)
  object space 42496K, 0% used [0x00000000c0000000,0x00000000c0000000,0x00000000c2980000)
 Metaspace       used 5609K, capacity 6768K, committed 7040K, reserved 1056768K
  class space    used 575K, capacity 616K, committed 640K, reserved 1048576K
Event: 1.254 GC heap after
Heap after GC invocations=1 (full 0):
 PSYoungGen      total 18432K, used 2547K [0x00000000eab00000, 0x00000000ecf00000, 0x0000000100000000)
  eden space 15872K, 0% used [0x00000000eab00000,0x00000000eab00000,0x00000000eba80000)
  from space 2560K, 99% used [0x00000000eba80000,0x00000000ebcfce30,0x00000000ebd00000)
  to   space 2560K, 0% used [0x00000000ecc80000,0x00000000ecc80000,0x00000000ecf00000)
 ParOldGen       total 42496K, used 1673K [0x00000000c0000000, 0x00000000c2980000, 0x00000000eab00000)
  object space 42496K, 3% used [0x00000000c0000000,0x00000000c01a2610,0x00000000c2980000)
 Metaspace       used 5609K, capacity 6768K, committed 7040K, reserved 1056768K
  class space    used 575K, capacity 616K, committed 640K, reserved 1048576K
}
Event: 1.993 GC heap before
{Heap before GC invocations=2 (full 0):
 PSYoungGen      total 18432K, used 18419K [0x00000000eab00000, 0x00000000ecf00000, 0x0000000100000000)
  eden space 15872K, 100% used [0x00000000eab00000,0x00000000eba80000,0x00000000eba80000)
  from space 2560K, 99% used [0x00000000eba80000,0x00000000ebcfce30,0x00000000ebd00000)
  to   space 2560K, 0% used [0x00000000ecc80000,0x00000000ecc80000,0x00000000ecf00000)
 ParOldGen       total 42496K, used 1673K [0x00000000c0000000, 0x00000000c2980000, 0x00000000eab00000)
  object space 42496K, 3% used [0x00000000c0000000,0x00000000c01a2610,0x00000000c2980000)
 Metaspace       used 5717K, capacity 6832K, committed 7040K, reserved 1056768K
  class space    used 577K, capacity 616K, committed 640K, reserved 1048576K
Event: 2.025 GC heap after
Heap after GC invocations=2 (full 0):
 PSYoungGen      total 34304K, used 2549K [0x00000000eab00000, 0x00000000ecf00000, 0x0000000100000000)
  eden space 31744K, 0% used [0x00000000eab00000,0x00000000eab00000,0x00000000eca00000)
  from space 2560K, 99% used [0x00000000ecc80000,0x00000000ecefd518,0x00000000ecf00000)
  to   space 2560K, 0% used [0x00000000eca00000,0x00000000eca00000,0x00000000ecc80000)
 ParOldGen       total 42496K, used 7668K [0x00000000c0000000, 0x00000000c2980000, 0x00000000eab00000)
  object space 42496K, 18% used [0x00000000c0000000,0x00000000c077d1e8,0x00000000c2980000)
 Metaspace       used 5717K, capacity 6832K, committed 7040K, reserved 1056768K
  class space    used 577K, capacity 616K, committed 640K, reserved 1048576K
}
Event: 2.574 GC heap before
{Heap before GC invocations=3 (full 0):
 PSYoungGen      total 34304K, used 34293K [0x00000000eab00000, 0x00000000ecf00000, 0x0000000100000000)
  eden space 31744K, 99% used [0x00000000eab00000,0x00000000ec9ffef0,0x00000000eca00000)
  from space 2560K, 99% used [0x00000000ecc80000,0x00000000ecefd518,0x00000000ecf00000)
  to   space 2560K, 0% used [0x00000000eca00000,0x00000000eca00000,0x00000000ecc80000)
 ParOldGen       total 42496K, used 7668K [0x00000000c0000000, 0x00000000c2980000, 0x00000000eab00000)
  object space 42496K, 18% used [0x00000000c0000000,0x00000000c077d1e8,0x00000000c2980000)
 Metaspace       used 5734K, capacity 6832K, committed 7040K, reserved 1056768K
  class space    used 578K, capacity 616K, committed 640K, reserved 1048576K
Event: 2.633 GC heap after
Heap after GC invocations=3 (full 0):
 PSYoungGen      total 34304K, used 2533K [0x00000000eab00000, 0x00000000eee00000, 0x0000000100000000)
  eden space 31744K, 0% used [0x00000000eab00000,0x00000000eab00000,0x00000000eca00000)
  from space 2560K, 98% used [0x00000000eca00000,0x00000000ecc79758,0x00000000ecc80000)
  to   space 2560K, 0% used [0x00000000eeb80000,0x00000000eeb80000,0x00000000eee00000)
 ParOldGen       total 42496K, used 21079K [0x00000000c0000000, 0x00000000c2980000, 0x00000000eab00000)
  object space 42496K, 49% used [0x00000000c0000000,0x00000000c1495e70,0x00000000c2980000)
 Metaspace       used 5734K, capacity 6832K, committed 7040K, reserved 1056768K
  class space    used 578K, capacity 616K, committed 640K, reserved 1048576K
}
Event: 3.431 GC heap before
{Heap before GC invocations=4 (full 0):
 PSYoungGen      total 34304K, used 34277K [0x00000000eab00000, 0x00000000eee00000, 0x0000000100000000)
  eden space 31744K, 100% used [0x00000000eab00000,0x00000000eca00000,0x00000000eca00000)
  from space 2560K, 98% used [0x00000000eca00000,0x00000000ecc79758,0x00000000ecc80000)
  to   space 2560K, 0% used [0x00000000eeb80000,0x00000000eeb80000,0x00000000eee00000)
 ParOldGen       total 42496K, used 21079K [0x00000000c0000000, 0x00000000c2980000, 0x00000000eab00000)
  object space 42496K, 49% used [0x00000000c0000000,0x00000000c1495e70,0x00000000c2980000)
 Metaspace       used 5816K, capacity 6896K, committed 7040K, reserved 1056768K
  class space    used 582K, capacity 616K, committed 640K, reserved 1048576K
Event: 3.495 GC heap after
Heap after GC invocations=4 (full 0):
 PSYoungGen      total 66048K, used 2553K [0x00000000eab00000, 0x00000000eee00000, 0x0000000100000000)
  eden space 63488K, 0% used [0x00000000eab00000,0x00000000eab00000,0x00000000ee900000)
  from space 2560K, 99% used [0x00000000eeb80000,0x00000000eedfe4f0,0x00000000eee00000)
  to   space 2560K, 0% used [0x00000000ee900000,0x00000000ee900000,0x00000000eeb80000)
 ParOldGen       total 42496K, used 31390K [0x00000000c0000000, 0x00000000c2980000, 0x00000000eab00000)
  object space 42496K, 73% used [0x00000000c0000000,0x00000000c1ea7950,0x00000000c2980000)
 Metaspace       used 5816K, capacity 6896K, committed 7040K, reserved 1056768K
  class space    used 582K, capacity 616K, committed 640K, reserved 1048576K
}
Event: 3.495 GC heap before
{Heap before GC invocations=5 (full 1):
 PSYoungGen      total 66048K, used 2553K [0x00000000eab00000, 0x00000000eee00000, 0x0000000100000000)
  eden space 63488K, 0% used [0x00000000eab00000,0x00000000eab00000,0x00000000ee900000)
  from space 2560K, 99% used [0x00000000eeb80000,0x00000000eedfe4f0,0x00000000eee00000)
  to   space 2560K, 0% used [0x00000000ee900000,0x00000000ee900000,0x00000000eeb80000)
 ParOldGen       total 42496K, used 31390K [0x00000000c0000000, 0x00000000c2980000, 0x00000000eab00000)
  object space 42496K, 73% used [0x00000000c0000000,0x00000000c1ea7950,0x00000000c2980000)
 Metaspace       used 5816K, capacity 6896K, committed 7040K, reserved 1056768K
  class space    used 582K, capacity 616K, committed 640K, reserved 1048576K

Deoptimization events (10 events):
Event: 2.718 Thread 0x000000001620b800 Uncommon trap: reason=class_check action=maybe_recompile pc=0x00000000029fa910 method=com.android.dx.ssa.NormalSsaInsn.accept(Lcom/android/dx/ssa/SsaInsn$Visitor;)V @ 9
Event: 3.026 Thread 0x00000000161ee800 Uncommon trap: reason=unstable_if action=reinterpret pc=0x0000000002a49420 method=com.android.dx.util.IntList.binarysearch(I)I @ 26
Event: 3.033 Thread 0x00000000161ee800 Uncommon trap: reason=class_check action=maybe_recompile pc=0x00000000029591dc method=com.android.dx.rop.type.Type.equals(Ljava/lang/Object;)Z @ 8
Event: 3.033 Thread 0x00000000161ee800 Uncommon trap: reason=unstable_if action=reinterpret pc=0x0000000002a73ad0 method=com.android.dx.rop.code.RegisterSpec.equals(ILcom/android/dx/rop/type/TypeBearer;Lcom/android/dx/rop/code/LocalItem;)Z @ 16
Event: 3.033 Thread 0x00000000161ee800 Uncommon trap: reason=class_check action=maybe_recompile pc=0x00000000029591dc method=com.android.dx.rop.type.Type.equals(Ljava/lang/Object;)Z @ 8
Event: 3.033 Thread 0x00000000161ee800 Uncommon trap: reason=unstable_if action=reinterpret pc=0x0000000002a48ca4 method=com.android.dx.rop.code.RegisterSpec.equals(ILcom/android/dx/rop/type/TypeBearer;Lcom/android/dx/rop/code/LocalItem;)Z @ 16
Event: 3.041 Thread 0x00000000161ee800 Uncommon trap: reason=class_check action=maybe_recompile pc=0x00000000029591dc method=com.android.dx.rop.type.Type.equals(Ljava/lang/Object;)Z @ 8
Event: 3.041 Thread 0x00000000161ee800 Uncommon trap: reason=class_check action=maybe_recompile pc=0x00000000029591dc method=com.android.dx.rop.type.Type.equals(Ljava/lang/Object;)Z @ 8
Event: 3.042 Thread 0x00000000161ee800 Uncommon trap: reason=unstable_if action=reinterpret pc=0x0000000002aa1764 method=com.android.dx.util.IntList.binarysearch(I)I @ 26
Event: 3.045 Thread 0x00000000161ee800 Uncommon trap: reason=unstable_if action=reinterpret pc=0x0000000002aaf214 method=com.android.dx.rop.code.Insn.equalsHandleNulls(Ljava/lang/Object;Ljava/lang/Object;)Z @ 14

Internal exceptions (2 events):
Event: 0.057 Thread 0x0000000002500800 Exception <a 'java/lang/NoSuchMethodError': Method sun.misc.Unsafe.defineClass(Ljava/lang/String;[BII)Ljava/lang/Class; name or signature does not match> (0x00000000eab07cc0) thrown at [C:\re\workspace\8-2-build-windows-amd64-cygwin\jdk8u91\7017\hotspot\srçŽTMd­?
Event: 0.057 Thread 0x0000000002500800 Exception <a 'java/lang/NoSuchMethodError': Method sun.misc.Unsafe.prefetchRead(Ljava/lang/Object;J)V name or signature does not match> (0x00000000eab07fa8) thrown at [C:\re\workspace\8-2-build-windows-amd64-cygwin\jdk8u91\7017\hotspot\src\share\vm\prims\j

Events (10 events):
Event: 3.070 loading class com/android/dx/dex/file/MethodAnnotationStruct done
Event: 3.107 Thread 0x00000000162f5800 DEOPT PACKING pc=0x000000000294e121 sp=0x00000000169fe7f0
Event: 3.107 Thread 0x00000000162f5800 DEOPT UNPACKING pc=0x00000000026471bf sp=0x00000000169fe570 mode 0
Event: 3.143 Thread 0x0000000002500800 DEOPT PACKING pc=0x0000000002968040 sp=0x000000000215e7b0
Event: 3.143 Thread 0x0000000002500800 DEOPT UNPACKING pc=0x00000000026471bf sp=0x000000000215e520 mode 0
Event: 3.173 Thread 0x0000000002500800 DEOPT PACKING pc=0x0000000002968040 sp=0x000000000215e7b0
Event: 3.173 Thread 0x0000000002500800 DEOPT UNPACKING pc=0x00000000026471bf sp=0x000000000215e520 mode 0
Event: 3.407 Thread 0x00000000162f5800 DEOPT PACKING pc=0x0000000002a8c90d sp=0x00000000169fe590
Event: 3.407 Thread 0x00000000162f5800 DEOPT UNPACKING pc=0x00000000026471bf sp=0x00000000169fe290 mode 0
Event: 3.427 Executing VM operation: ParallelGCFailedAllocation


Dynamic libraries:
0x000007f6f4e30000 - 0x000007f6f4e67000 	C:\Program Files\Java\jdk1.8.0_91\bin\java.exe
0x000007ff82650000 - 0x000007ff8280d000 	C:\Windows\SYSTEM32\ntdll.dll
0x000007ff80230000 - 0x000007ff80367000 	C:\Windows\system32\KERNEL32.DLL
0x000007ff7f670000 - 0x000007ff7f764000 	C:\Windows\system32\KERNELBASE.dll
0x000007ff7fa20000 - 0x000007ff7fafe000 	C:\Windows\system32\ADVAPI32.dll
0x000007ff7fc00000 - 0x000007ff7fd4c000 	C:\Windows\system32\USER32.dll
0x000007ff7d5e0000 - 0x000007ff7d84a000 	C:\Windows\WinSxS\amd64_microsoft.windows.common-controls_6595b64144ccf1df_6.0.9200.17359_none_4188b989718cf1c6\COMCTL32.dll
0x000007ff81190000 - 0x000007ff81235000 	C:\Windows\system32\msvcrt.dll
0x000007ff80db0000 - 0x000007ff80df8000 	C:\Windows\SYSTEM32\sechost.dll
0x000007ff80c40000 - 0x000007ff80d85000 	C:\Windows\system32\RPCRT4.dll
0x000007ff81040000 - 0x000007ff81181000 	C:\Windows\system32\GDI32.dll
0x000007ff801e0000 - 0x000007ff80219000 	C:\Windows\system32\IMM32.DLL
0x000007ff80600000 - 0x000007ff80715000 	C:\Windows\system32\MSCTF.dll
0x0000000071030000 - 0x0000000071102000 	C:\Program Files\Java\jdk1.8.0_91\jre\bin\msvcr100.dll
0x00000000714b0000 - 0x0000000071d43000 	C:\Program Files\Java\jdk1.8.0_91\jre\bin\server\jvm.dll
0x000007ff7c160000 - 0x000007ff7c169000 	C:\Windows\SYSTEM32\WSOCK32.dll
0x000007ff78470000 - 0x000007ff78490000 	C:\Windows\SYSTEM32\WINMM.dll
0x000007ff796f0000 - 0x000007ff796f9000 	C:\Windows\SYSTEM32\VERSION.dll
0x000007ff80220000 - 0x000007ff80227000 	C:\Windows\system32\PSAPI.DLL
0x000007ff80720000 - 0x000007ff80778000 	C:\Windows\system32\WS2_32.dll
0x000007ff78430000 - 0x000007ff78463000 	C:\Windows\SYSTEM32\WINMMBASE.dll
0x000007ff80780000 - 0x000007ff80789000 	C:\Windows\system32\NSI.dll
0x000007ff7f5f0000 - 0x000007ff7f63f000 	C:\Windows\SYSTEM32\cfgmgr32.dll
0x000007ff7f640000 - 0x000007ff7f662000 	C:\Windows\system32\DEVOBJ.dll
0x00000000714a0000 - 0x00000000714af000 	C:\Program Files\Java\jdk1.8.0_91\jre\bin\verify.dll
0x0000000071470000 - 0x0000000071499000 	C:\Program Files\Java\jdk1.8.0_91\jre\bin\java.dll
0x0000000071450000 - 0x0000000071466000 	C:\Program Files\Java\jdk1.8.0_91\jre\bin\zip.dll
0x000007ff81360000 - 0x000007ff82645000 	C:\Windows\system32\SHELL32.dll
0x000007ff809c0000 - 0x000007ff80b70000 	C:\Windows\SYSTEM32\combase.dll
0x000007ff80fd0000 - 0x000007ff81020000 	C:\Windows\system32\SHLWAPI.dll
0x000007ff7dc70000 - 0x000007ff7dd06000 	C:\Windows\SYSTEM32\SHCORE.dll
0x000007ff7f550000 - 0x000007ff7f565000 	C:\Windows\system32\profapi.dll
0x000007ff786e0000 - 0x000007ff78843000 	C:\Windows\SYSTEM32\dbghelp.dll

VM Arguments:
jvm_args: -Djava.awt.headless=true -Xmx1024M -Dfile.encoding=windows-1252 -Duser.country=MX -Duser.language=es -Duser.variant 
java_command: com.android.dx.command.Main --dex --force-jumbo --num-threads=4 --multi-dex --output C:\Users\Tonatiuh\AndroidStudioProjects\LFA\app\build\intermediates\transforms\dex\debug\folders\1000\5\slice_2 C:\Users\Tonatiuh\AndroidStudioProjects\LFA\app\build\intermediates\transforms\instantRunSlicer\debug\folders\1\5\slice_2
java_class_path (initial): C:\Users\Tonatiuh\AppData\Local\Android\sdk\build-tools\24.0.0\lib\dx.jar
Launcher Type: SUN_STANDARD

Environment Variables:
JAVA_HOME=C:\Program Files\Java\jdk1.8.0_91
PATH=C:\ProgramData\Oracle\Java\javapath;C:\Windows\system32;C:\Windows;C:\Windows\System32\Wbem;C:\Windows\System32\WindowsPowerShell\v1.0\;C:\Users\Tonatiuh\AppData\Local\Android\sdk;C:\Program Files\Java\jdk1.8.0_91\bin
USERNAME=Tonatiuh
OS=Windows_NT
PROCESSOR_IDENTIFIER=Intel64 Family 6 Model 23 Stepping 10, GenuineIntel



---------------  S Y S T E M  ---------------

OS: Windows 8 , 64 bit Build 9200 (6.2.9200.16859)

CPU:total 2 (2 cores per cpu, 1 threads per core) family 6 model 23 stepping 10, cmov, cx8, fxsr, mmx, sse, sse2, sse3, ssse3, tsc

Memory: 4k page, physical 4029456k(865060k free), swap 8092688k(3748924k free)

vm_info: Java HotSpot(TM) 64-Bit Server VM (25.91-b15) for windows-amd64 JRE (1.8.0_91-b15), built on May 20 2016 17:43:15 by "java_re" with MS VC++ 10.0 (VS2010)

time: Wed Sep 07 02:00:49 2016
elapsed time: 3 seconds (0d 0h 0m 3s)

