#
# A fatal error has been detected by the Java Runtime Environment:
#
#  EXCEPTION_ACCESS_VIOLATION (0xc0000005) at pc=0x000000006b2f1b93, pid=4800, tid=3524
#
# JRE version: Java(TM) SE Runtime Environment (8.0_91-b15) (build 1.8.0_91-b15)
# Java VM: Java HotSpot(TM) 64-Bit Server VM (25.91-b15 mixed mode windows-amd64 compressed oops)
# Problematic frame:
# V  [jvm.dll+0x4f1b93]
#
# Failed to write core dump. Minidumps are not enabled by default on client versions of Windows
#
# If you would like to submit a bug report, please visit:
#   http://bugreport.java.com/bugreport/crash.jsp
#

---------------  T H R E A D  ---------------

Current thread (0x00000000150f8800):  JavaThread "C2 CompilerThread0" daemon [_thread_in_native, id=3524, stack(0x0000000016380000,0x0000000016480000)]

siginfo: ExceptionCode=0xc0000005, reading address 0xffffffffffffffff

Registers:
RAX=0x0000000017641660, RBX=0x002000001728a508, RCX=0x0000000000000000, RDX=0x000000001647c5a0
RSP=0x000000001647c2e0, RBP=0x0000000000000004, RSI=0x00000000173e7db8, RDI=0x0000000000000000
R8 =0x0000000000000fb0, R9 =0x0000000000001f60, R10=0x0000000000000200, R11=0x0000000000000000
R12=0xfffffffffffff050, R13=0x0000000000000020, R14=0x0000000016a5fa30, R15=0x00000000ffffffff
RIP=0x000000006b2f1b93, EFLAGS=0x0000000000010287

Top of Stack: (sp=0x000000001647c2e0)
0x000000001647c2e0:   00000000170a0650 00000000000003e9
0x000000001647c2f0:   000000001728aa30 000000000053ee00
0x000000001647c300:   000006e900550001 0000008e00000001
0x000000001647c310:   00000000000003e9 0000000000000470
0x000000001647c320:   0000000000001f60 0000000000000016
0x000000001647c330:   0000000000000fb0 00000000ffffffff
0x000000001647c340:   0000000000003ec0 00000000173eaa90
0x000000001647c350:   00000000173e8b30 00000000173e9ae0
0x000000001647c360:   00000000173e7b80 00000000168ed060
0x000000001647c370:   0000000000000fa4 000000006b26f1d0
0x000000001647c380:   0000000002c5dd00 00000000173e6bd0
0x000000001647c390:   0000000000000000 0000000000001f48
0x000000001647c3a0:   00000000000003e9 00000000173e6bd0
0x000000001647c3b0:   00000000176c49b0 000000001647e920
0x000000001647c3c0:   0000000000001000 000000006b2f341d
0x000000001647c3d0:   000000001647e920 00000000173e6bd0 

Instructions: (pc=0x000000006b2f1b93)
0x000000006b2f1b73:   0f 84 9f 01 00 00 45 33 ed 0f 1f 40 00 41 3b 6e
0x000000006b2f1b83:   18 73 0b 49 8b 46 20 49 8b 5c 05 00 eb 02 33 db
0x000000006b2f1b93:   0f b6 43 2c 24 03 3c 02 0f 85 fc 00 00 00 48 8b
0x000000006b2f1ba3:   03 48 8b cb ff 90 10 01 00 00 48 8b cb 8d 7c 07 


Register to memory mapping:

RAX=0x0000000017641660 is an unknown value
RBX=0x002000001728a508 is an unknown value
RCX=0x0000000000000000 is an unknown value
RDX=0x000000001647c5a0 is pointing into the stack for thread: 0x00000000150f8800
RSP=0x000000001647c2e0 is pointing into the stack for thread: 0x00000000150f8800
RBP=0x0000000000000004 is an unknown value
RSI=0x00000000173e7db8 is an unknown value
RDI=0x0000000000000000 is an unknown value
R8 =0x0000000000000fb0 is an unknown value
R9 =0x0000000000001f60 is an unknown value
R10=0x0000000000000200 is an unknown value
R11=0x0000000000000000 is an unknown value
R12=0xfffffffffffff050 is an unknown value
R13=0x0000000000000020 is an unknown value
R14=0x0000000016a5fa30 is an unknown value
R15=0x00000000ffffffff is an unallocated location in the heap


Stack: [0x0000000016380000,0x0000000016480000],  sp=0x000000001647c2e0,  free space=1008k
Native frames: (J=compiled Java code, j=interpreted, Vv=VM code, C=native code)
V  [jvm.dll+0x4f1b93]
V  [jvm.dll+0x4f341d]
V  [jvm.dll+0x4f69e8]
V  [jvm.dll+0x46f692]
V  [jvm.dll+0x471b72]
V  [jvm.dll+0x454ce2]
V  [jvm.dll+0xa4be2]
V  [jvm.dll+0xa551f]
V  [jvm.dll+0x243ae4]
V  [jvm.dll+0x29a99a]
C  [msvcr100.dll+0x21d9f]
C  [msvcr100.dll+0x21e3b]
C  [KERNEL32.DLL+0x1842]
C  [ntdll.dll+0x3df11]


Current CompileTask:
C2:   7936 1264   !   4       com.android.dx.cf.code.Ropper::processBlock (1101 bytes)


---------------  P R O C E S S  ---------------

Java Threads: ( => current thread )
  0x0000000016997800 JavaThread "pool-2-thread-4" [_thread_in_Java, id=3140, stack(0x0000000016f80000,0x0000000017080000)]
  0x0000000016994000 JavaThread "pool-2-thread-3" [_thread_in_Java, id=4240, stack(0x0000000016e80000,0x0000000016f80000)]
  0x000000001692b000 JavaThread "pool-2-thread-2" [_thread_in_Java, id=2316, stack(0x0000000016d80000,0x0000000016e80000)]
  0x000000001687a000 JavaThread "pool-3-thread-1" [_thread_blocked, id=4284, stack(0x0000000016c80000,0x0000000016d80000)]
  0x0000000016870800 JavaThread "pool-2-thread-1" [_thread_in_Java, id=3680, stack(0x0000000016b80000,0x0000000016c80000)]
  0x00000000150ff000 JavaThread "Service Thread" daemon [_thread_blocked, id=2680, stack(0x0000000016580000,0x0000000016680000)]
  0x00000000150fc000 JavaThread "C1 CompilerThread1" daemon [_thread_blocked, id=2532, stack(0x0000000016480000,0x0000000016580000)]
=>0x00000000150f8800 JavaThread "C2 CompilerThread0" daemon [_thread_in_native, id=3524, stack(0x0000000016380000,0x0000000016480000)]
  0x00000000150f6800 JavaThread "Attach Listener" daemon [_thread_blocked, id=3908, stack(0x0000000016280000,0x0000000016380000)]
  0x00000000150f3000 JavaThread "Signal Dispatcher" daemon [_thread_blocked, id=3620, stack(0x0000000016180000,0x0000000016280000)]
  0x0000000002c61800 JavaThread "Finalizer" daemon [_thread_blocked, id=4456, stack(0x0000000015d40000,0x0000000015e40000)]
  0x0000000002c5c000 JavaThread "Reference Handler" daemon [_thread_blocked, id=3564, stack(0x0000000015c40000,0x0000000015d40000)]
  0x0000000002b70800 JavaThread "main" [_thread_blocked, id=4580, stack(0x0000000002750000,0x0000000002850000)]

Other Threads:
  0x00000000150c6000 VMThread [stack: 0x0000000015b40000,0x0000000015c40000] [id=4224]
  0x0000000015183000 WatcherThread [stack: 0x0000000016680000,0x0000000016780000] [id=3940]

VM state:not at safepoint (normal execution)

VM Mutex/Monitor currently owned by a thread: None

Heap:
 PSYoungGen      total 34304K, used 12649K [0x00000000eab00000, 0x00000000eee00000, 0x0000000100000000)
  eden space 31744K, 31% used [0x00000000eab00000,0x00000000eb4e15c8,0x00000000eca00000)
  from space 2560K, 98% used [0x00000000eca00000,0x00000000ecc79090,0x00000000ecc80000)
  to   space 2560K, 0% used [0x00000000eeb80000,0x00000000eeb80000,0x00000000eee00000)
 ParOldGen       total 42496K, used 16718K [0x00000000c0000000, 0x00000000c2980000, 0x00000000eab00000)
  object space 42496K, 39% used [0x00000000c0000000,0x00000000c1053918,0x00000000c2980000)
 Metaspace       used 5870K, capacity 6960K, committed 7040K, reserved 1056768K
  class space    used 584K, capacity 616K, committed 640K, reserved 1048576K

Card table byte_map: [0x0000000012030000,0x0000000012240000] byte_map_base: 0x0000000011a30000

Marking Bits: (ParMarkBitMap*) 0x000000006b612f70
 Begin Bits: [0x00000000125a0000, 0x00000000135a0000)
 End Bits:   [0x00000000135a0000, 0x00000000145a0000)

Polling page: 0x0000000000eb0000

CodeCache: size=245760Kb used=5473Kb max_used=5473Kb free=240286Kb
 bounds [0x0000000002c70000, 0x00000000031d0000, 0x0000000011c70000]
 total_blobs=1600 nmethods=1339 adapters=175
 compilation: enabled

Compilation events (10 events):
Event: 6.978 Thread 0x00000000150fc000 1350       2       com.android.dx.ssa.SsaBasicBlock::addInsnToHead (27 bytes)
Event: 6.978 Thread 0x00000000150fc000 nmethod 1350 0x00000000031ae410 code [0x00000000031ae5a0, 0x00000000031ae888]
Event: 7.763 Thread 0x00000000150fc000 1352       2       com.android.dx.ssa.SCCP::replaceConstants (209 bytes)
Event: 7.764 Thread 0x00000000150fc000 nmethod 1352 0x00000000031aead0 code [0x00000000031aed40, 0x00000000031af578]
Event: 7.779 Thread 0x00000000150fc000 1353       3       com.android.dx.ssa.SsaConverter::edgeSplitMoveExceptionsAndResults (157 bytes)
Event: 7.781 Thread 0x00000000150fc000 nmethod 1353 0x00000000031b1690 code [0x00000000031b1a20, 0x00000000031b36e8]
Event: 7.791 Thread 0x00000000150fc000 1354 %     3       com.android.dx.ssa.SsaConverter::placePhiFunctions @ 131 (394 bytes)
Event: 7.798 Thread 0x00000000150fc000 nmethod 1354% 0x00000000031b4a90 code [0x00000000031b5020, 0x00000000031b8778]
Event: 7.798 Thread 0x00000000150fc000 1355       3       com.android.dx.ssa.SsaConverter::placePhiFunctions (394 bytes)
Event: 7.804 Thread 0x00000000150fc000 nmethod 1355 0x00000000031bbfd0 code [0x00000000031bc540, 0x00000000031bf938]

GC Heap History (6 events):
Event: 3.004 GC heap before
{Heap before GC invocations=1 (full 0):
 PSYoungGen      total 18432K, used 15872K [0x00000000eab00000, 0x00000000ebf80000, 0x0000000100000000)
  eden space 15872K, 100% used [0x00000000eab00000,0x00000000eba80000,0x00000000eba80000)
  from space 2560K, 0% used [0x00000000ebd00000,0x00000000ebd00000,0x00000000ebf80000)
  to   space 2560K, 0% used [0x00000000eba80000,0x00000000eba80000,0x00000000ebd00000)
 ParOldGen       total 42496K, used 0K [0x00000000c0000000, 0x00000000c2980000, 0x00000000eab00000)
  object space 42496K, 0% used [0x00000000c0000000,0x00000000c0000000,0x00000000c2980000)
 Metaspace       used 5664K, capacity 6832K, committed 7040K, reserved 1056768K
  class space    used 576K, capacity 616K, committed 640K, reserved 1048576K
Event: 3.480 GC heap after
Heap after GC invocations=1 (full 0):
 PSYoungGen      total 18432K, used 2535K [0x00000000eab00000, 0x00000000ecf00000, 0x0000000100000000)
  eden space 15872K, 0% used [0x00000000eab00000,0x00000000eab00000,0x00000000eba80000)
  from space 2560K, 99% used [0x00000000eba80000,0x00000000ebcf9dd0,0x00000000ebd00000)
  to   space 2560K, 0% used [0x00000000ecc80000,0x00000000ecc80000,0x00000000ecf00000)
 ParOldGen       total 42496K, used 1746K [0x00000000c0000000, 0x00000000c2980000, 0x00000000eab00000)
  object space 42496K, 4% used [0x00000000c0000000,0x00000000c01b4840,0x00000000c2980000)
 Metaspace       used 5664K, capacity 6832K, committed 7040K, reserved 1056768K
  class space    used 576K, capacity 616K, committed 640K, reserved 1048576K
}
Event: 5.129 GC heap before
{Heap before GC invocations=2 (full 0):
 PSYoungGen      total 18432K, used 18407K [0x00000000eab00000, 0x00000000ecf00000, 0x0000000100000000)
  eden space 15872K, 100% used [0x00000000eab00000,0x00000000eba80000,0x00000000eba80000)
  from space 2560K, 99% used [0x00000000eba80000,0x00000000ebcf9dd0,0x00000000ebd00000)
  to   space 2560K, 0% used [0x00000000ecc80000,0x00000000ecc80000,0x00000000ecf00000)
 ParOldGen       total 42496K, used 1746K [0x00000000c0000000, 0x00000000c2980000, 0x00000000eab00000)
  object space 42496K, 4% used [0x00000000c0000000,0x00000000c01b4840,0x00000000c2980000)
 Metaspace       used 5764K, capacity 6832K, committed 7040K, reserved 1056768K
  class space    used 581K, capacity 616K, committed 640K, reserved 1048576K
Event: 5.216 GC heap after
Heap after GC invocations=2 (full 0):
 PSYoungGen      total 34304K, used 2530K [0x00000000eab00000, 0x00000000ecf00000, 0x0000000100000000)
  eden space 31744K, 0% used [0x00000000eab00000,0x00000000eab00000,0x00000000eca00000)
  from space 2560K, 98% used [0x00000000ecc80000,0x00000000ecef8988,0x00000000ecf00000)
  to   space 2560K, 0% used [0x00000000eca00000,0x00000000eca00000,0x00000000ecc80000)
 ParOldGen       total 42496K, used 6178K [0x00000000c0000000, 0x00000000c2980000, 0x00000000eab00000)
  object space 42496K, 14% used [0x00000000c0000000,0x00000000c0608938,0x00000000c2980000)
 Metaspace       used 5764K, capacity 6832K, committed 7040K, reserved 1056768K
  class space    used 581K, capacity 616K, committed 640K, reserved 1048576K
}
Event: 7.122 GC heap before
{Heap before GC invocations=3 (full 0):
 PSYoungGen      total 34304K, used 34274K [0x00000000eab00000, 0x00000000ecf00000, 0x0000000100000000)
  eden space 31744K, 100% used [0x00000000eab00000,0x00000000eca00000,0x00000000eca00000)
  from space 2560K, 98% used [0x00000000ecc80000,0x00000000ecef8988,0x00000000ecf00000)
  to   space 2560K, 0% used [0x00000000eca00000,0x00000000eca00000,0x00000000ecc80000)
 ParOldGen       total 42496K, used 6178K [0x00000000c0000000, 0x00000000c2980000, 0x00000000eab00000)
  object space 42496K, 14% used [0x00000000c0000000,0x00000000c0608938,0x00000000c2980000)
 Metaspace       used 5868K, capacity 6960K, committed 7040K, reserved 1056768K
  class space    used 584K, capacity 616K, committed 640K, reserved 1048576K
Event: 7.663 GC heap after
Heap after GC invocations=3 (full 0):
 PSYoungGen      total 34304K, used 2532K [0x00000000eab00000, 0x00000000eee00000, 0x0000000100000000)
  eden space 31744K, 0% used [0x00000000eab00000,0x00000000eab00000,0x00000000eca00000)
  from space 2560K, 98% used [0x00000000eca00000,0x00000000ecc79090,0x00000000ecc80000)
  to   space 2560K, 0% used [0x00000000eeb80000,0x00000000eeb80000,0x00000000eee00000)
 ParOldGen       total 42496K, used 16718K [0x00000000c0000000, 0x00000000c2980000, 0x00000000eab00000)
  object space 42496K, 39% used [0x00000000c0000000,0x00000000c1053918,0x00000000c2980000)
 Metaspace       used 5868K, capacity 6960K, committed 7040K, reserved 1056768K
  class space    used 584K, capacity 616K, committed 640K, reserved 1048576K
}

Deoptimization events (10 events):
Event: 3.758 Thread 0x0000000016997800 Uncommon trap: reason=unstable_if action=reinterpret pc=0x0000000002f64da8 method=java.util.HashMap.getNode(ILjava/lang/Object;)Ljava/util/HashMap$Node; @ 129
Event: 4.273 Thread 0x0000000016997800 Uncommon trap: reason=unstable_if action=reinterpret pc=0x0000000003094120 method=com.android.dx.util.IntList.binarysearch(I)I @ 26
Event: 5.786 Thread 0x0000000002b70800 Uncommon trap: reason=unloaded action=reinterpret pc=0x0000000002e3baf4 method=com.android.dx.cf.cst.ConstantPoolParser.parse0(ILjava/util/BitSet;)Lcom/android/dx/rop/cst/Constant; @ 198
Event: 5.826 Thread 0x0000000002b70800 Uncommon trap: reason=class_check action=maybe_recompile pc=0x000000000305aa5c method=com.android.dx.rop.type.Type.equals(Ljava/lang/Object;)Z @ 8
Event: 5.826 Thread 0x0000000002b70800 Uncommon trap: reason=unstable_if action=reinterpret pc=0x000000000310dbc4 method=com.android.dx.rop.code.RegisterSpec.equals(ILcom/android/dx/rop/type/TypeBearer;Lcom/android/dx/rop/code/LocalItem;)Z @ 16
Event: 5.826 Thread 0x0000000002b70800 Uncommon trap: reason=unstable_if action=reinterpret pc=0x0000000003108cb0 method=com.android.dx.rop.code.RegisterSpec.equals(ILcom/android/dx/rop/type/TypeBearer;Lcom/android/dx/rop/code/LocalItem;)Z @ 16
Event: 5.827 Thread 0x0000000002b70800 Uncommon trap: reason=class_check action=maybe_recompile pc=0x000000000305aa5c method=com.android.dx.rop.type.Type.equals(Ljava/lang/Object;)Z @ 8
Event: 5.835 Thread 0x0000000002b70800 Uncommon trap: reason=class_check action=maybe_recompile pc=0x000000000305aa5c method=com.android.dx.rop.type.Type.equals(Ljava/lang/Object;)Z @ 8
Event: 5.835 Thread 0x0000000002b70800 Uncommon trap: reason=unstable_if action=reinterpret pc=0x000000000310377c method=com.android.dx.rop.code.RegisterSpec.equals(ILcom/android/dx/rop/type/TypeBearer;Lcom/android/dx/rop/code/LocalItem;)Z @ 16
Event: 5.835 Thread 0x0000000002b70800 Uncommon trap: reason=class_check action=maybe_recompile pc=0x000000000305aa5c method=com.android.dx.rop.type.Type.equals(Ljava/lang/Object;)Z @ 8

Internal exceptions (2 events):
Event: 0.064 Thread 0x0000000002b70800 Exception <a 'java/lang/NoSuchMethodError': Method sun.misc.Unsafe.defineClass(Ljava/lang/String;[BII)Ljava/lang/Class; name or signature does not match> (0x00000000eab07cc0) thrown at [C:\re\workspace\8-2-build-windows-amd64-cygwin\jdk8u91\7017\hotspot\srsòŸ9Øƒ°?
Event: 0.065 Thread 0x0000000002b70800 Exception <a 'java/lang/NoSuchMethodError': Method sun.misc.Unsafe.prefetchRead(Ljava/lang/Object;J)V name or signature does not match> (0x00000000eab07fa8) thrown at [C:\re\workspace\8-2-build-windows-amd64-cygwin\jdk8u91\7017\hotspot\src\share\vm\prims\j

Events (10 events):
Event: 6.677 loading class java/util/HashMap$KeySet
Event: 6.677 loading class java/util/HashMap$KeySet done
Event: 6.749 loading class java/util/HashMap$KeyIterator
Event: 6.750 loading class java/util/HashMap$KeyIterator done
Event: 6.995 Executing VM operation: ParallelGCFailedAllocation
Event: 7.663 Executing VM operation: ParallelGCFailedAllocation done
Event: 7.786 Thread 0x0000000016994000 DEOPT PACKING pc=0x000000000315b3bd sp=0x0000000016f7eb60
Event: 7.786 Thread 0x0000000016994000 DEOPT UNPACKING pc=0x0000000002cb71bf sp=0x0000000016f7e8a0 mode 0
Event: 7.804 Thread 0x0000000016994000 DEOPT PACKING pc=0x0000000003198e58 sp=0x0000000016f7ead0
Event: 7.804 Thread 0x0000000016994000 DEOPT UNPACKING pc=0x0000000002cb71bf sp=0x0000000016f7e918 mode 0


Dynamic libraries:
0x000007f645870000 - 0x000007f6458a7000 	C:\Program Files\Java\jdk1.8.0_91\bin\java.exe
0x000007f89f800000 - 0x000007f89f9bd000 	C:\Windows\SYSTEM32\ntdll.dll
0x000007f89cda0000 - 0x000007f89ced7000 	C:\Windows\system32\KERNEL32.DLL
0x000007f89ca30000 - 0x000007f89cb24000 	C:\Windows\system32\KERNELBASE.dll
0x000007f89d8a0000 - 0x000007f89d97e000 	C:\Windows\system32\ADVAPI32.dll
0x000007f89cf00000 - 0x000007f89d04c000 	C:\Windows\system32\USER32.dll
0x000007f89a2b0000 - 0x000007f89a51a000 	C:\Windows\WinSxS\amd64_microsoft.windows.common-controls_6595b64144ccf1df_6.0.9200.17359_none_4188b989718cf1c6\COMCTL32.dll
0x000007f89d1a0000 - 0x000007f89d245000 	C:\Windows\system32\msvcrt.dll
0x000007f89eea0000 - 0x000007f89eee8000 	C:\Windows\SYSTEM32\sechost.dll
0x000007f89d050000 - 0x000007f89d195000 	C:\Windows\system32\RPCRT4.dll
0x000007f89d990000 - 0x000007f89dad1000 	C:\Windows\system32\GDI32.dll
0x000007f89f7c0000 - 0x000007f89f7f9000 	C:\Windows\system32\IMM32.DLL
0x000007f89f470000 - 0x000007f89f585000 	C:\Windows\system32\MSCTF.dll
0x000000006a980000 - 0x000000006aa52000 	C:\Program Files\Java\jdk1.8.0_91\jre\bin\msvcr100.dll
0x000000006ae00000 - 0x000000006b693000 	C:\Program Files\Java\jdk1.8.0_91\jre\bin\server\jvm.dll
0x000007f8992d0000 - 0x000007f8992d9000 	C:\Windows\SYSTEM32\WSOCK32.dll
0x000007f895ff0000 - 0x000007f896010000 	C:\Windows\SYSTEM32\WINMM.dll
0x000007f8968d0000 - 0x000007f8968d9000 	C:\Windows\SYSTEM32\VERSION.dll
0x000007f89d980000 - 0x000007f89d987000 	C:\Windows\system32\PSAPI.DLL
0x000007f89dae0000 - 0x000007f89db38000 	C:\Windows\system32\WS2_32.dll
0x000007f895fb0000 - 0x000007f895fe3000 	C:\Windows\SYSTEM32\WINMMBASE.dll
0x000007f89d3c0000 - 0x000007f89d3c9000 	C:\Windows\system32\NSI.dll
0x000007f89cb80000 - 0x000007f89cbcf000 	C:\Windows\SYSTEM32\cfgmgr32.dll
0x000007f89cb30000 - 0x000007f89cb52000 	C:\Windows\system32\DEVOBJ.dll
0x000000006adf0000 - 0x000000006adff000 	C:\Program Files\Java\jdk1.8.0_91\jre\bin\verify.dll
0x000000006adc0000 - 0x000000006ade9000 	C:\Program Files\Java\jdk1.8.0_91\jre\bin\java.dll
0x000000006ada0000 - 0x000000006adb6000 	C:\Program Files\Java\jdk1.8.0_91\jre\bin\zip.dll
0x000007f89db40000 - 0x000007f89ee25000 	C:\Windows\system32\SHELL32.dll
0x000007f89f0e0000 - 0x000007f89f290000 	C:\Windows\SYSTEM32\combase.dll
0x000007f89eef0000 - 0x000007f89ef40000 	C:\Windows\system32\SHLWAPI.dll
0x000007f89a740000 - 0x000007f89a7d6000 	C:\Windows\SYSTEM32\SHCORE.dll
0x000007f89c720000 - 0x000007f89c735000 	C:\Windows\system32\profapi.dll
0x000007f88f860000 - 0x000007f88f9c3000 	C:\Windows\SYSTEM32\dbghelp.dll

VM Arguments:
jvm_args: -Djava.awt.headless=true -Xmx1024M -Dfile.encoding=windows-1252 -Duser.country=MX -Duser.language=es -Duser.variant 
java_command: com.android.dx.command.Main --dex --force-jumbo --num-threads=4 --multi-dex --output C:\Users\Tonatiuh\AndroidStudioProjects\LFA\app\build\intermediates\transforms\dex\debug\folders\1000\5\slice_2 C:\Users\Tonatiuh\AndroidStudioProjects\LFA\app\build\intermediates\transforms\instantRunSlicer\debug\folders\1\5\slice_2
java_class_path (initial): C:\Users\Tonatiuh\AppData\Local\Android\sdk\build-tools\24.0.0\lib\dx.jar
Launcher Type: SUN_STANDARD

Environment Variables:
JAVA_HOME=C:\Program Files\Java\jdk1.8.0_91
PATH=C:\ProgramData\Oracle\Java\javapath;C:\Windows\system32;C:\Windows;C:\Windows\System32\Wbem;C:\Windows\System32\WindowsPowerShell\v1.0\;C:\Users\Tonatiuh\AppData\Local\Android\sdk;C:\Program Files\Java\jdk1.8.0_91\bin
USERNAME=Tonatiuh
OS=Windows_NT
PROCESSOR_IDENTIFIER=Intel64 Family 6 Model 23 Stepping 10, GenuineIntel



---------------  S Y S T E M  ---------------

OS: Windows 8 , 64 bit Build 9200 (6.2.9200.16859)

CPU:total 2 (2 cores per cpu, 1 threads per core) family 6 model 23 stepping 10, cmov, cx8, fxsr, mmx, sse, sse2, sse3, ssse3, tsc

Memory: 4k page, physical 4029456k(805208k free), swap 8092688k(3579184k free)

vm_info: Java HotSpot(TM) 64-Bit Server VM (25.91-b15) for windows-amd64 JRE (1.8.0_91-b15), built on May 20 2016 17:43:15 by "java_re" with MS VC++ 10.0 (VS2010)

time: Fri Sep 02 23:16:02 2016
elapsed time: 7 seconds (0d 0h 0m 7s)

